<?xml version="1.0" encoding="UTF-8"?>
<testsuite name="JUnit Jupiter" tests="2" skipped="0" failures="0" errors="0" time="0.065" hostname="Steves-MacBook-Air.local" timestamp="2018-08-04T22:29:17">
<properties>
<property name="awt.toolkit" value="sun.lwawt.macosx.LWCToolkit"/>
<property name="file.encoding" value="UTF-8"/>
<property name="file.encoding.pkg" value="sun.io"/>
<property name="file.separator" value="/"/>
<property name="ftp.nonProxyHosts" value="local|*.local|169.254/16|*.169.254/16"/>
<property name="gopherProxySet" value="false"/>
<property name="http.nonProxyHosts" value="local|*.local|169.254/16|*.169.254/16"/>
<property name="java.awt.graphicsenv" value="sun.awt.CGraphicsEnvironment"/>
<property name="java.awt.printerjob" value="sun.lwawt.macosx.CPrinterJob"/>
<property name="java.class.path" value="/Users/steve/Code/judoku/build/classes/java/test:/Users/steve/Code/judoku/build/classes/kotlin/test:/Users/steve/Code/judoku/build/resources/test:/Users/steve/Code/judoku/build/classes/java/main:/Users/steve/Code/judoku/build/classes/kotlin/main:/Users/steve/Code/judoku/build/resources/main:/Users/steve/.gradle/caches/modules-2/files-2.1/org.jetbrains.kotlin/kotlin-runtime/1.2.31/f9efc75e51f38485facf7ef216898e14fd652af9/kotlin-runtime-1.2.31.jar:/Users/steve/.gradle/caches/modules-2/files-2.1/org.jetbrains.kotlin/kotlin-stdlib-jdk8/1.2.31/50094b02ec8a4c2e4444073c722bb56c8a52b83c/kotlin-stdlib-jdk8-1.2.31.jar:/Users/steve/.gradle/caches/modules-2/files-2.1/com.google.code.gson/gson/2.7/751f548c85fa49f330cecbb1875893f971b33c4e/gson-2.7.jar:/Users/steve/.gradle/caches/modules-2/files-2.1/org.jetbrains.kotlin/kotlin-test-junit/1.2.31/8972a7db73a9c298a0b544204e8d928a558ed4c5/kotlin-test-junit-1.2.31.jar:/Users/steve/.gradle/caches/modules-2/files-2.1/org.jetbrains.kotlin/kotlin-test/1.2.31/b1f548194e03de3dc2a0f6c89bb375c6b3bf2294/kotlin-test-1.2.31.jar:/Users/steve/.gradle/caches/modules-2/files-2.1/org.junit.jupiter/junit-jupiter-engine/5.1.0/c54b96b465bb5b49c7708d734a4180dd95422754/junit-jupiter-engine-5.1.0.jar:/Users/steve/.gradle/caches/modules-2/files-2.1/org.junit.jupiter/junit-jupiter-api/5.1.0/370218fbc7ce9cf0600c4b5db400bccdf0c01a48/junit-jupiter-api-5.1.0.jar:/Users/steve/.gradle/caches/modules-2/files-2.1/org.jetbrains.kotlin/kotlin-stdlib-jdk7/1.2.31/95d6a67e8787280a82a2059e54e4db7ac6cfe74/kotlin-stdlib-jdk7-1.2.31.jar:/Users/steve/.gradle/caches/modules-2/files-2.1/org.jetbrains.kotlin/kotlin-stdlib/1.2.31/153dcd9ed9db246a7e36f4d7609e2a9f4718c674/kotlin-stdlib-1.2.31.jar:/Users/steve/.gradle/caches/modules-2/files-2.1/org.jetbrains/annotations/13.0/919f0dfe192fb4e063e7dacadee7f8bb9a2672a9/annotations-13.0.jar:/Users/steve/.gradle/caches/modules-2/files-2.1/junit/junit/4.12/2973d150c0dc1fefe998f834810d68f278ea58ec/junit-4.12.jar:/Users/steve/.gradle/caches/modules-2/files-2.1/org.junit.platform/junit-platform-engine/1.1.0/2596bd4d909e7ea8d029272db4338075445d731b/junit-platform-engine-1.1.0.jar:/Users/steve/.gradle/caches/modules-2/files-2.1/org.junit.platform/junit-platform-commons/1.1.0/d6aa21029f9cedfb4cc8a9e9efc0bd97987205b8/junit-platform-commons-1.1.0.jar:/Users/steve/.gradle/caches/modules-2/files-2.1/org.apiguardian/apiguardian-api/1.0.0/3ef5276905e36f4d8055fe3cb0bdcc7503ffc85d/apiguardian-api-1.0.0.jar:/Users/steve/.gradle/caches/modules-2/files-2.1/org.opentest4j/opentest4j/1.0.0/6f09c598e9ff64bf0ce2fa7e7de49a99ba83c0b4/opentest4j-1.0.0.jar:/Users/steve/.gradle/caches/modules-2/files-2.1/org.hamcrest/hamcrest-core/1.3/42a25dc3219429f0e5d060061f71acb49bf010a0/hamcrest-core-1.3.jar:/Users/steve/.gradle/caches/modules-2/files-2.1/org.junit.platform/junit-platform-console/1.1.0/1ea376db54ab4ec0018c5e99d414e1c7c034387/junit-platform-console-1.1.0.jar:/Users/steve/.gradle/caches/modules-2/files-2.1/org.junit.platform/junit-platform-launcher/1.1.0/ba098edde4e59cacd9225e238ea3ad9c946684ab/junit-platform-launcher-1.1.0.jar"/>
<property name="java.class.version" value="54.0"/>
<property name="java.home" value="/Library/Java/JavaVirtualMachines/jdk-10.0.1.jdk/Contents/Home"/>
<property name="java.io.tmpdir" value="/var/folders/43/z_5gkk052qg86pymwwgy0yjr0000gn/T/"/>
<property name="java.library.path" value="/Users/steve/Library/Java/Extensions:/Library/Java/Extensions:/Network/Library/Java/Extensions:/System/Library/Java/Extensions:/usr/lib/java:."/>
<property name="java.runtime.name" value="Java(TM) SE Runtime Environment"/>
<property name="java.runtime.version" value="10.0.1+10"/>
<property name="java.specification.name" value="Java Platform API Specification"/>
<property name="java.specification.vendor" value="Oracle Corporation"/>
<property name="java.specification.version" value="10"/>
<property name="java.vendor" value="Oracle Corporation"/>
<property name="java.vendor.url" value="http://java.oracle.com/"/>
<property name="java.vendor.url.bug" value="http://bugreport.java.com/bugreport/"/>
<property name="java.vendor.version" value="18.3"/>
<property name="java.version" value="10.0.1"/>
<property name="java.version.date" value="2018-04-17"/>
<property name="java.vm.compressedOopsMode" value="Zero based"/>
<property name="java.vm.info" value="mixed mode"/>
<property name="java.vm.name" value="Java HotSpot(TM) 64-Bit Server VM"/>
<property name="java.vm.specification.name" value="Java Virtual Machine Specification"/>
<property name="java.vm.specification.vendor" value="Oracle Corporation"/>
<property name="java.vm.specification.version" value="10"/>
<property name="java.vm.vendor" value="&quot;Oracle Corporation&quot;"/>
<property name="java.vm.version" value="10.0.1+10"/>
<property name="jdk.debug" value="release"/>
<property name="line.separator" value="
"/>
<property name="os.arch" value="x86_64"/>
<property name="os.name" value="Mac OS X"/>
<property name="os.version" value="10.12.6"/>
<property name="path.separator" value=":"/>
<property name="socksNonProxyHosts" value="local|*.local|169.254/16|*.169.254/16"/>
<property name="sun.arch.data.model" value="64"/>
<property name="sun.boot.library.path" value="/Library/Java/JavaVirtualMachines/jdk-10.0.1.jdk/Contents/Home/lib"/>
<property name="sun.cpu.endian" value="little"/>
<property name="sun.cpu.isalist" value=""/>
<property name="sun.io.unicode.encoding" value="UnicodeBig"/>
<property name="sun.java.command" value="org.junit.platform.console.ConsoleLauncher --details NONE --scan-class-path /Users/steve/Code/judoku/build/classes/java/main:/Users/steve/Code/judoku/build/classes/kotlin/main:/Users/steve/Code/judoku/build/resources/main:/Users/steve/Code/judoku/build/classes/java/test:/Users/steve/Code/judoku/build/classes/kotlin/test:/Users/steve/Code/judoku/build/resources/test -n ^.*Tests?$ --reports-dir /Users/steve/Code/judoku/build/test-results/junit-platform"/>
<property name="sun.java.launcher" value="SUN_STANDARD"/>
<property name="sun.jnu.encoding" value="UTF-8"/>
<property name="sun.management.compiler" value="HotSpot 64-Bit Tiered Compilers"/>
<property name="sun.os.patch.level" value="unknown"/>
<property name="user.country" value="ES"/>
<property name="user.dir" value="/Users/steve/Code/judoku"/>
<property name="user.home" value="/Users/steve"/>
<property name="user.language" value="en"/>
<property name="user.name" value="steve"/>
<property name="user.timezone" value="Europe/Madrid"/>
<property name="user.variant" value=""/>
</properties>
<testcase name="constructor_grid_6()" classname="judoku.GridTest" time="0.015">
<system-out><![CDATA[
unique-id: [engine:junit-jupiter]/[class:judoku.GridTest]/[method:constructor_grid_6()]
display-name: constructor_grid_6()
]]></system-out>
</testcase>
<testcase name="constructor_grid_9()" classname="judoku.GridTest" time="0.002">
<system-out><![CDATA[
unique-id: [engine:junit-jupiter]/[class:judoku.GridTest]/[method:constructor_grid_9()]
display-name: constructor_grid_9()
]]></system-out>
</testcase>
<system-out><![CDATA[
unique-id: [engine:junit-jupiter]
display-name: JUnit Jupiter
]]></system-out>
</testsuite>
